<?xml version="1.0" encoding="UTF-8"?>
<!-- Generated by org.testng.reporters.JUnitXMLReporter -->
<testsuite hostname="Ishantk-DSG" ignored="2" name="Test" tests="6" failures="0" timestamp="25 Apr 2017 11:59:39 GMT" time="0.069" errors="0">
  <testcase name="@BeforeSuite launchBrowser" time="0.0" classname="aufin.common.com.Connectivity">
    <failure type="org.openqa.selenium.SessionNotCreatedException" message="session not created exception
from disconnected: received Inspector.detached event
  (Session info: chrome=59.0.3071.15)
  (Driver info: chromedriver=2.29.461591 (62ebf098771772160f391d75e589dc567915b233),platform=Windows NT 10.0.14393 x86_64) (WARNING: The server did not provide any stacktrace information)
Command duration or timeout: 101.66 seconds
Build info: version: &amp;apos;2.48.2&amp;apos;, revision: &amp;apos;41bccdd&amp;apos;, time: &amp;apos;2015-10-09 19:59:12&amp;apos;
System info: host: &amp;apos;Ishantk-DSG&amp;apos;, ip: &amp;apos;10.20.30.44&amp;apos;, os.name: &amp;apos;Windows 10&amp;apos;, os.arch: &amp;apos;amd64&amp;apos;, os.version: &amp;apos;10.0&amp;apos;, java.version: &amp;apos;1.8.0_131&amp;apos;
Driver info: org.openqa.selenium.chrome.ChromeDriver">
      <![CDATA[org.openqa.selenium.SessionNotCreatedException: session not created exception
from disconnected: received Inspector.detached event
  (Session info: chrome=59.0.3071.15)
  (Driver info: chromedriver=2.29.461591 (62ebf098771772160f391d75e589dc567915b233),platform=Windows NT 10.0.14393 x86_64) (WARNING: The server did not provide any stacktrace information)
Command duration or timeout: 101.66 seconds
Build info: version: '2.48.2', revision: '41bccdd', time: '2015-10-09 19:59:12'
System info: host: 'Ishantk-DSG', ip: '10.20.30.44', os.name: 'Windows 10', os.arch: 'amd64', os.version: '10.0', java.version: '1.8.0_131'
Driver info: org.openqa.selenium.chrome.ChromeDriver
	at org.openqa.selenium.remote.ErrorHandler.createThrowable(ErrorHandler.java:206)
	at org.openqa.selenium.remote.ErrorHandler.throwIfResponseFailed(ErrorHandler.java:158)
	at org.openqa.selenium.remote.RemoteWebDriver.execute(RemoteWebDriver.java:647)
	at org.openqa.selenium.remote.RemoteWebDriver.startSession(RemoteWebDriver.java:247)
	at org.openqa.selenium.remote.RemoteWebDriver.<init>(RemoteWebDriver.java:129)
	at org.openqa.selenium.remote.RemoteWebDriver.<init>(RemoteWebDriver.java:142)
	at org.openqa.selenium.chrome.ChromeDriver.<init>(ChromeDriver.java:170)
	at org.openqa.selenium.chrome.ChromeDriver.<init>(ChromeDriver.java:159)
	at org.openqa.selenium.chrome.ChromeDriver.<init>(ChromeDriver.java:116)
	at aufin.common.com.Connectivity.launchBrowser(Connectivity.java:19)
... Removed 23 stack frames]]>
    </failure>
  </testcase> <!-- @BeforeSuite launchBrowser -->
  <testcase name="NavigatetoLead" time="0.0" classname="TestCases.LeadModule">
    <skipped/>
  </testcase> <!-- NavigatetoLead -->
  <testcase name="createApplicantLeadOnNewStage" time="0.0" classname="TestCases.LeadModule">
    <skipped/>
  </testcase> <!-- createApplicantLeadOnNewStage -->
  <testcase name="logOutwithCSE" time="0.0" classname="TestCases.LeadModule">
    <skipped/>
  </testcase> <!-- logOutwithCSE -->
  <testcase name="loginwithbranch" time="0.0" classname="TestCases.LeadModule">
    <skipped/>
  </testcase> <!-- loginwithbranch -->
  <testcase name="moveLeadToDocCollected" time="0.0" classname="TestCases.LeadModule">
    <skipped/>
  </testcase> <!-- moveLeadToDocCollected -->
  <testcase name="validLogin" time="0.0" classname="TestCases.LoginModule">
    <skipped/>
  </testcase> <!-- validLogin -->
  <testcase name="@BeforeSuite launchBrowser" time="0.0" classname="aufin.common.com.Connectivity">
    <ignored/>
  </testcase> <!-- @BeforeSuite launchBrowser -->
  <testcase name="LeadSearchonHome" time="0.0" classname="TestCases.LeadModule">
    <ignored/>
  </testcase> <!-- LeadSearchonHome -->
</testsuite> <!-- Test -->
